
 INPUT KEYWORD PARAMETERS:
 -------------------------
 ND= 71                                                                          
 IFMOL=  1                                                                       
 TMOLIM= 8000.                                                                   
                               *******************************************
                               I                                         I
                               I   S Y N T H E T I C   S P E C T R U M   I
                               I                                         I
                               I        FOR MODEL ATMOSPHERE WITH        I
                               I                                         I
                               I              TEFF  =  5777.             I
                               I              LOG G =   4.44             I
                               I                                         I
                               *******************************************
0

 CHEMICAL ELEMENTS INCLUDED
 --------------------------

 NUMBER  ELEMENT           ABUNDANCE
                 A=N(ELEM)/N(H)  A/A(SOLAR)

    1     H        1.00E+00      1.00E+00   EXPLICIT: IAT=  1  N0A=  0  NKA=  0
    2     He       8.51E-02      1.00E+00   EXPLICIT: IAT=  2  N0A=  0  NKA=  0
    3     Li       1.25E-11      1.11E+00
    4     Be       2.49E-11      1.04E+00
    5     B        3.52E-10      7.01E-01
    6     C        3.28E-04      1.34E+00   EXPLICIT: IAT=  3  N0A=  0  NKA=  0
    7     N        8.24E-05      1.37E+00   EXPLICIT: IAT=  4  N0A=  0  NKA=  0
    8     O        6.70E-04      1.47E+00   EXPLICIT: IAT=  5  N0A=  0  NKA=  0
    9     F        3.60E-08      9.91E-01
   10     Ne       1.19E-04      1.72E+00
   11     Na       2.12E-06      1.43E+00   EXPLICIT: IAT=  6  N0A=  0  NKA=  0
   12     Mg       3.77E-05      1.11E+00   EXPLICIT: IAT=  7  N0A=  0  NKA=  0
   13     Al       2.92E-06      1.25E+00   EXPLICIT: IAT=  8  N0A=  0  NKA=  0
   14     Si       3.52E-05      1.09E+00   EXPLICIT: IAT=  9  N0A=  0  NKA=  0
   15     P        2.79E-07      1.22E+00
   16     S        2.12E-05      1.53E+00
   17     Cl       3.13E-07      9.91E-01
   18     Ar       2.49E-06      1.64E+00
   19     K        1.31E-07      1.09E+00
   20     Ca       2.27E-06      1.11E+00   EXPLICIT: IAT= 10  N0A=  0  NKA=  0
   21     Sc       1.47E-09      1.31E+00
   22     Ti       1.04E-07      1.31E+00
   23     V        9.91E-09      9.91E-01
   24     Cr       4.63E-07      1.06E+00
   25     Mn       2.43E-07      9.91E-01
   26     Fe       3.13E-05      1.11E+00   EXPLICIT: IAT= 11  N0A=  0  NKA=  0
   27     Co       8.24E-08      9.91E-01
   28     Ni       1.76E-06      1.04E+00
   29     Cu       1.61E-08      9.91E-01
   30     Zn       3.94E-08      9.91E-01
   31     Ga       7.52E-10      9.91E-01
   32     Ge       2.55E-09      6.70E-01
   33     As       2.32E-10      1.19E+00
   34     Se       2.55E-09      1.19E+00
   35     Br       4.23E-10      1.16E+00
   36     Kr       2.02E-09      1.06E+00
   37     Rb       3.94E-10      9.91E-01
   38     Sr       9.25E-10      1.11E+00
   39     Y        1.72E-10      1.06E+00
   40     Zr       3.94E-10      1.01E+00
   41     Nb       2.61E-11      9.91E-01
   42     Mo       8.24E-11      9.91E-01
   43     Tc       1.09E-20      1.06E+02
   44     Ru       6.86E-11      9.91E-01
   45     Rh       1.31E-11      9.91E-01
   46     Pd       4.85E-11      9.91E-01
   47     Ag       8.63E-12      9.91E-01
   48     Cd       5.83E-11      9.91E-01
   49     In       4.53E-11      1.14E+00
   50     Sn       9.91E-11      9.91E-01
   51     Sb       9.91E-12      9.91E-01
   52     Te       1.72E-10      1.11E+00
   53     I        3.21E-11      9.91E-01
   54     Xe       1.47E-10      7.87E-01
   55     Cs       1.34E-11      1.14E+00
   56     Ba       1.34E-10      9.04E-01
   57     La       1.47E-11      1.09E+00
   58     Ce       3.77E-11      9.91E-01
   59     Pr       5.08E-12      9.91E-01
   60     Nd       3.13E-11      1.11E+00
   61     Pm       1.09E-20      1.06E+02
   62     Sm       1.01E-11      9.91E-01
   63     Eu       3.21E-12      9.68E-01
   64     Gd       1.31E-11      9.91E-01
   65     Tb       2.22E-12      1.16E+00
   66     Dy       1.37E-11      9.91E-01
   67     Ho       1.80E-12      5.57E-01
   68     Er       8.43E-12      9.91E-01
   69     Tm       9.91E-13      9.91E-01
   70     Yb       1.19E-11      9.91E-01
   71     Lu       1.14E-12      9.91E-01
   72     Hf       7.52E-12      9.91E-01
   73     Ta       7.35E-13      1.09E+00
   74     W        1.28E-11      9.91E-01
   75     Re       1.89E-12      1.11E+00
   76     Os       2.79E-11      9.91E-01
   77     Ir       2.22E-11      9.25E-01
   78     Pt       6.25E-11      1.43E+00
   79     Au       1.01E-11      9.91E-01
   80     Hg       1.34E-11      9.91E-01
   81     Tl       7.87E-12      9.91E-01
   82     Pb       8.83E-11      8.83E-01
   83     Bi       5.08E-12      1.14E+00
   84     Po       1.09E-20      1.06E+02
   85     At       1.09E-20      1.06E+02
   86     Rn       1.09E-20      1.06E+02
   87     Fr       1.09E-20      1.06E+02
   88     Ra       1.09E-20      1.06E+02
   89     Ac       1.09E-20      1.06E+02
   90     Th       1.22E-12      1.06E+00
   91     Pa       1.09E-20      1.06E+02
   92     U        3.13E-13      1.04E+00
   93     Np       1.09E-20      1.06E+02
   94     Pu       1.09E-20      1.06E+02
   95     Am       1.09E-20      1.06E+02
   96     Cm       1.09E-20      1.06E+02
   97     Bk       1.09E-20      1.06E+02
   98     Cf       1.09E-20      1.06E+02
   99     Es       1.09E-20      1.06E+02


 EXPLICIT IONS INCLUDED
 ----------------------

 ION     N0    N1    NK    IZ

 H 1     1     1     2     0
 H 1     2    10    11     1
He 1    12    25    26     1
He 2    26    39    40     2
 C 1    41   144   145     1
 C 2   145   184   185     2
 N 1   186   274   275     1
 N 2   275   325   326     2
 O 1   327   380   381     1
 O 2   381   454   455     2
Na 1   456   487   488     1
Na 2   488   495   496     2
Mg 1   497   567   568     1
Mg 2   568   598   599     2
Al 1   600   632   633     1
Al 2   633   713   714     2
Si 1   715   771   772     1
Si 2   772   817   818     2
Ca 1   819   897   898     1
Ca 2   898   929   930     2
Fe 1   931   979   980     1
Fe 2   980  1020  1021     2


 ADDITIONAL OPACITY SOURCES
 --------------------------
 IOPHMI  (H-  OPACITY IN LTE)       =  0
 IOPH2P  (H2+  OPACITY)             =  1
 IOPHEM  (HE- B-F AND F-F)          =  1
 IOPCH   (CH OPACITY)               =  1
 IOPOH   (OH OPACITY)               =  1
 IOPH2M  (H2- OPACITY)              =  1
 IOH2H2  (CIA H2-H2 OPACITY         =  1
 IOH2HE  (CIA H2-He OPACITY         =  1
 IOH2H1  (CIA H2-H  OPACITY         =  1
 IOHHE   (CIA H-He OPACITY          =  1
 IRSCT   (RAYLEIGH SCAT. ON H I)    =  1
 IRSCH2  (RAYLEIGH SCAT. ON H2      =  1
 IRSCHE  (RAYLEIGH SCAT. ON HE I)   =  1
 IOPHLI  (LYMAN LINES WINGS)        =  0


 TURBULENT VELOCITY  -  DEPTH-INDEPENDENT   VTURB = 2.000E+00  KM/S
 ------------------


 INPUT KURUCZ MODEL FOR TEFF=  5777.   LOG G =   4.44

        MASS         T         NE         DENS
-----------------------------------------------

     1 1.686E-03    3790.7   7.461E+09   1.888E-10
     2 1.985E-03    3818.1   8.755E+09   2.205E-10
     3 2.328E-03    3843.2   1.021E+10   2.566E-10
     4 2.730E-03    3867.1   1.191E+10   2.989E-10
     5 3.202E-03    3889.9   1.388E+10   3.483E-10
     6 3.754E-03    3912.1   1.615E+10   4.056E-10
     7 4.400E-03    3933.9   1.878E+10   4.722E-10
     8 5.153E-03    3955.3   2.182E+10   5.498E-10
     9 6.030E-03    3976.7   2.533E+10   6.395E-10
    10 7.047E-03    3998.4   2.938E+10   7.429E-10
    11 8.229E-03    4020.6   3.405E+10   8.625E-10
    12 9.606E-03    4043.4   3.946E+10   1.000E-09
    13 1.120E-02    4066.8   4.571E+10   1.160E-09
    14 1.306E-02    4090.9   5.293E+10   1.343E-09
    15 1.521E-02    4115.4   6.125E+10   1.554E-09
    16 1.771E-02    4140.4   7.086E+10   1.797E-09
    17 2.060E-02    4165.9   8.195E+10   2.078E-09
    18 2.397E-02    4192.0   9.480E+10   2.402E-09
    19 2.788E-02    4218.8   1.097E+11   2.775E-09
    20 3.241E-02    4245.9   1.268E+11   3.204E-09
    21 3.767E-02    4273.4   1.466E+11   3.699E-09
    22 4.376E-02    4301.1   1.694E+11   4.269E-09
    23 5.081E-02    4328.7   1.957E+11   4.924E-09
    24 5.898E-02    4356.3   2.259E+11   5.677E-09
    25 6.841E-02    4383.9   2.605E+11   6.545E-09
    26 7.932E-02    4411.3   3.003E+11   7.538E-09
    27 9.191E-02    4438.8   3.459E+11   8.681E-09
    28 1.064E-01    4466.4   3.983E+11   9.991E-09
    29 1.233E-01    4494.2   4.586E+11   1.149E-08
    30 1.427E-01    4522.2   5.278E+11   1.322E-08
    31 1.651E-01    4550.5   6.073E+11   1.520E-08
    32 1.910E-01    4579.1   6.987E+11   1.748E-08
    33 2.210E-01    4608.8   8.042E+11   2.009E-08
    34 2.558E-01    4639.1   9.263E+11   2.310E-08
    35 2.965E-01    4669.2   1.067E+12   2.661E-08
    36 3.441E-01    4699.1   1.232E+12   3.067E-08
    37 3.994E-01    4729.7   1.422E+12   3.536E-08
    38 4.637E-01    4760.7   1.642E+12   4.082E-08
    39 5.384E-01    4792.7   1.897E+12   4.706E-08
    40 6.250E-01    4826.4   2.193E+12   5.428E-08
    41 7.252E-01    4862.7   2.537E+12   6.250E-08
    42 8.410E-01    4902.7   2.940E+12   7.191E-08
    43 9.748E-01    4947.2   3.416E+12   8.259E-08
    44 1.129E+00    4997.5   3.981E+12   9.471E-08
    45 1.307E+00    5055.0   4.657E+12   1.084E-07
    46 1.511E+00    5121.1   5.480E+12   1.237E-07
    47 1.746E+00    5197.4   6.497E+12   1.408E-07
    48 2.013E+00    5285.8   7.791E+12   1.597E-07
    49 2.316E+00    5388.2   9.498E+12   1.803E-07
    50 2.654E+00    5508.0   1.187E+13   2.022E-07
    51 3.024E+00    5647.2   1.533E+13   2.248E-07
    52 3.415E+00    5808.0   2.071E+13   2.471E-07
    53 3.812E+00    5997.4   2.981E+13   2.674E-07
    54 4.193E+00    6220.3   4.598E+13   2.838E-07
    55 4.539E+00    6478.9   7.519E+13   2.953E-07
    56 4.838E+00    6780.2   1.296E+14   3.008E-07
    57 5.085E+00    7122.2   2.295E+14   3.010E-07
    58 5.285E+00    7467.6   3.867E+14   2.984E-07
    59 5.455E+00    7777.3   5.930E+14   2.953E-07
    60 5.607E+00    8043.7   8.377E+14   2.933E-07
    61 5.754E+00    8274.8   1.115E+15   2.921E-07
    62 5.901E+00    8481.3   1.425E+15   2.918E-07
    63 6.052E+00    8670.5   1.769E+15   2.924E-07
    64 6.212E+00    8847.7   2.154E+15   2.935E-07
    65 6.383E+00    9017.8   2.585E+15   2.953E-07
    66 6.568E+00    9181.1   3.066E+15   2.976E-07
    67 6.769E+00    9343.3   3.616E+15   3.006E-07
    68 6.990E+00    9501.6   4.229E+15   3.043E-07
    69 7.235E+00    9658.8   4.924E+15   3.089E-07
    70 7.505E+00    9821.8   5.738E+15   3.137E-07

************************
 LINE LISTS:

 ILIST        FILENAME  IBIN  TMLIM
   0  ATOMIC  fort.19     0
   1  MOLEC   fort.20     0     8000.0


 TURBULENT VELOCITY  -  CHANGED TO   VTURB = 2.000E+00  KM/S
 ------------------



----------------------------------------------
 BASIC INPUT PARAMETERS FOR SYNTHETIC SPECTRA
 ---------------------------------------------
 INITIAL LAMBDA                            =  6160.000 ANGSTROMS
 FINAL   LAMBDA                            =  6164.000 ANGSTROMS
 CUTOFF PARAMETER                          =   200.000 ANGSTROMS
 MINIMUM VALUE OF (LINE OPAC.)/(CONT.OPAC) =   1.0E-04
 MAXIMUM FREQUENCY SPACING                 = 1.082E+09  I.E. 0.014  ANGSTROMS
 ---------------------------------------------

 -----------
 reading Tremblay tables; ihydpr = 22
 -----------
 ntab   4
Reading in H2-H2 CIA opacity tables...
Reading in H2-He CIA opacity tables...
Reading in H2-H CIA opacity tables...
Reading in H-He CIA opacity tables...

IDSTD, NDSTEP =    46   30


 N/U  AT THE STANDARD DEPTH  (ID = 46 ; T,Ne =   5121.1   5.578E+12   5.391E+16 )
 --------------------------


  H   2.69E+16 3.55E+11 0.00E+00 0.00E+00 0.00E+00 0.00E+00 0.00E+00 0.00E+00
  He  4.60E+15 9.32E-01 0.00E+00 0.00E+00 0.00E+00 0.00E+00 0.00E+00 0.00E+00
  Li  4.30E+02 6.73E+05 0.00E+00 0.00E+00 0.00E+00 0.00E+00 0.00E+00 0.00E+00
  Be  9.32E+05 1.97E+05 0.00E+00 0.00E+00 0.00E+00 0.00E+00 0.00E+00 0.00E+00
  B   2.33E+06 5.04E+06 0.00E+00 0.00E+00 0.00E+00 0.00E+00 0.00E+00 0.00E+00
  C   1.71E+12 4.43E+09 0.00E+00 0.00E+00 0.00E+00 0.00E+00 0.00E+00 0.00E+00
  N   1.10E+12 1.74E+06 0.00E+00 0.00E+00 0.00E+00 0.00E+00 0.00E+00 0.00E+00
  O   3.85E+12 4.86E+07 0.00E+00 0.00E+00 0.00E+00 0.00E+00 0.00E+00 0.00E+00
  F   3.32E+08 7.54E-01 0.00E+00 0.00E+00 0.00E+00 0.00E+00 0.00E+00 0.00E+00
  Ne  6.43E+12 1.23E+00 0.00E+00 0.00E+00 0.00E+00 0.00E+00 0.00E+00 0.00E+00
  Na  4.11E+07 1.14E+11 0.00E+00 0.00E+00 0.00E+00 0.00E+00 0.00E+00 0.00E+00
  Mg  1.06E+11 9.63E+11 0.00E+00 0.00E+00 0.00E+00 0.00E+00 0.00E+00 0.00E+00
  Al  3.81E+08 1.56E+11 0.00E+00 0.00E+00 0.00E+00 0.00E+00 0.00E+00 0.00E+00
  Si  7.13E+10 2.14E+11 0.00E+00 0.00E+00 0.00E+00 0.00E+00 0.00E+00 0.00E+00
  P   3.30E+09 5.01E+07 0.00E+00 0.00E+00 0.00E+00 0.00E+00 0.00E+00 0.00E+00
  S   1.27E+11 2.58E+09 0.00E+00 0.00E+00 0.00E+00 0.00E+00 0.00E+00 0.00E+00
  Cl  3.04E+09 1.65E+05 0.00E+00 0.00E+00 0.00E+00 0.00E+00 0.00E+00 0.00E+00
  Ar  1.34E+11 1.32E+04 0.00E+00 0.00E+00 0.00E+00 0.00E+00 0.00E+00 0.00E+00
  K   4.15E+05 7.05E+09 0.00E+00 0.00E+00 0.00E+00 0.00E+00 0.00E+00 0.00E+00
  Ca  1.80E+08 5.51E+10 0.00E+00 0.00E+00 0.00E+00 0.00E+00 0.00E+00 0.00E+00
  Sc  3.07E+04 3.40E+06 0.00E+00 0.00E+00 0.00E+00 0.00E+00 0.00E+00 0.00E+00
  Ti  1.65E+06 9.89E+07 0.00E+00 0.00E+00 0.00E+00 0.00E+00 0.00E+00 0.00E+00
  V   1.59E+05 1.17E+07 0.00E+00 0.00E+00 0.00E+00 0.00E+00 0.00E+00 0.00E+00
  Cr  4.83E+07 3.38E+09 0.00E+00 0.00E+00 0.00E+00 0.00E+00 0.00E+00 0.00E+00
  Mn  1.04E+08 1.60E+09 0.00E+00 0.00E+00 0.00E+00 0.00E+00 0.00E+00 0.00E+00
  Fe  6.17E+09 3.51E+10 0.00E+00 0.00E+00 0.00E+00 0.00E+00 0.00E+00 0.00E+00
  Co  2.14E+07 1.25E+08 0.00E+00 0.00E+00 0.00E+00 0.00E+00 0.00E+00 0.00E+00
  Ni  6.91E+08 6.69E+09 0.00E+00 0.00E+00 0.00E+00 0.00E+00 0.00E+00 0.00E+00
  Cu  8.32E+07 6.56E+08 0.00E+00 0.00E+00 0.00E+00 0.00E+00 0.00E+00 0.00E+00
  Zn  1.57E+09 2.82E+08 0.00E+00 0.00E+00 0.00E+00 0.00E+00 0.00E+00 0.00E+00

Molecular number densities at the standard depth

   1  H-          4.70E+08     8.72E-09
   2  H2          1.98E+11     3.68E-06
   3  H2O         3.23E+02     6.00E-15
   4  OH          1.85E+07     3.44E-10
   5  CH          1.59E+06     2.95E-11
   6  CO          4.58E+08     8.50E-09
   7  CN          2.20E+04     4.09E-13
   8  C2          4.97E+03     9.22E-14
   9  N2          4.34E+05     8.04E-12
  10  O2          1.04E+03     1.93E-14
  11  NO          2.47E+03     4.58E-14
  12  NH          1.90E+05     3.53E-12
  13  C2H2        1.32E-05     2.45E-22
  14  HCN         4.71E+00     8.74E-17
  15  C2H         8.94E-01     1.66E-17
  16  HS          5.05E+04     9.37E-13
  17  SiH         1.35E+04     2.51E-13
  18  C3H         3.31E-06     6.15E-23
  19  C3          1.03E-02     1.91E-19
  20  CS          2.03E+03     3.77E-14
  21  SiC         1.16E+00     2.15E-17
  22  SiC2        4.37E-07     8.11E-24
  23  NS          1.14E+00     2.11E-17
  24  SiN         9.99E-01     1.85E-17
  25  SiO         1.32E+04     2.45E-13
  26  SO          3.56E+01     6.60E-16
  27  S2          7.08E-02     1.31E-18
  28  SiS         3.84E+00     7.12E-17
  29  TiO         5.97E-03     1.11E-19
  30  VO          4.21E-05     7.80E-22
  31  ZrO         2.97E-04     5.50E-21
  32  MgH         2.51E+02     4.66E-15
  33  HF          2.07E+04     3.84E-13
  34  CaH         4.19E+00     7.78E-17
  35  LaO         3.22E-06     5.97E-23
  36  HCl         3.59E+03     6.65E-14
  37  CH4         2.24E-09     4.16E-26
  38  CH2         1.63E+01     3.03E-16
  39  CH3         4.03E-04     7.47E-21
  40  NH2         5.47E+00     1.01E-16
  41  NH3         5.06E-05     9.39E-22
  42  C2N2        1.06E-14     1.96E-31
  43  C2N         6.99E-05     1.30E-21
  44  CO2         1.70E-01     3.16E-18
  45  F-          7.34E-04     1.36E-20
  46  AlF         3.45E-04     6.41E-21
  47  CaF         3.37E-06     6.25E-23
  48  CaF2        1.78E-17     3.31E-34
  49  MgOH        2.13E-06     3.95E-23
  50  Al2O        1.12E-15     2.08E-32
  51  AlOH        1.66E-06     3.07E-23
  52  AlOF        1.96E-13     3.64E-30
  53  AlOCl       5.34E-14     9.90E-31
  54  NaOH        1.35E-09     2.51E-26
  55  Si2C        3.85E-10     7.14E-27
  56  SiO2        2.82E-06     5.23E-23
  57  H2S         1.06E-01     1.97E-18
  58  CS2         5.15E-09     9.55E-26
  59  AlCl        3.87E-05     7.18E-22
  60  NaCl        4.06E-07     7.54E-24
  61  KCl         4.01E-09     7.43E-26
  62  KOH         1.62E-11     3.01E-28
  63  CaCl        1.04E-06     1.93E-23
  64  CaCl2       3.62E-21     6.71E-38
  65  CaOH        3.87E-08     7.18E-25
  66  TiO2        6.07E-12     1.13E-28
  67  TiS         5.27E-07     9.78E-24
  68  VO2         1.66E-11     3.08E-28
  69  LiH         4.48E-05     8.31E-22
  70  LiO         5.22E-09     9.68E-26
  71  LiF         1.18E-10     2.19E-27
  72  LiCl        6.76E-11     1.25E-27
  73  LiOH        2.67E-11     4.95E-28
  74  (LiOH)2     0.00E+00     0.00E+00
  75  BeH2        2.69E-06     4.99E-23
  76  BeO         9.75E-05     1.81E-21
  77  BeF         1.80E-07     3.35E-24
  78  BeCl        1.23E-08     2.28E-25
  79  BeCl2       1.01E-20     1.87E-37
  80  BeOH        2.80E-08     5.20E-25
  81  Be(OH)2     1.72E-22     3.19E-39
  82  BH          3.21E+00     5.96E-17
  83  BH2         1.26E-04     2.33E-21
  84  BO          1.30E+00     2.42E-17
  85  B2O         4.73E-16     8.78E-33
  86  BS          7.97E-05     1.48E-21
  87  BF          1.68E-05     3.12E-22
  88  BCl         7.92E-07     1.47E-23
  89  HBO         1.41E-06     2.61E-23
  90  HBO2        1.15E-13     2.14E-30
  91  B(OH)2      4.99E-22     9.26E-39
  92  C-          2.28E-02     4.23E-19
  93  C2-         3.09E-02     5.74E-19
  94  CH-         1.73E-01     3.21E-18
  95  CN-         2.64E+00     4.90E-17
  96  C2H4        2.42E-17     4.50E-34
  97  NO-         2.67E-10     4.95E-27
  98  NO2-        8.31E-19     1.54E-35
  99  NH2-        1.42E-12     2.63E-29
 100  N2H2        9.48E-10     1.76E-26
 101  N2H4        3.51E-23     6.51E-40
 102  CN2         6.45E-08     1.20E-24
 103  NCN         1.11E-05     2.06E-22
 104  C4N2        1.44E-30     2.67E-47
 105  NO2         1.11E-07     2.05E-24
 106  NO3         1.14E-20     2.11E-37
 107  N2O         2.19E-07     4.06E-24
 108  N2O4        0.00E+00     0.00E+00
 109  HNO         3.30E-04     6.13E-21
 110  HNO2        7.84E-14     1.45E-30
 111  HNO3        8.14E-26     1.51E-42
 112  HCNO        9.62E-10     1.78E-26
 113  O-          1.05E-01     1.95E-18
 114  O2-         8.49E-12     1.58E-28
 115  OH-         1.97E+00     3.66E-17
 116  CO2-        3.21E-15     5.96E-32
 117  C2O         1.42E-03     2.63E-20
 118  HCO         2.43E+00     4.52E-17
 119  HCHO        1.70E-06     3.16E-23
 120  F2          2.12E-09     3.93E-26
 121  FO          1.16E-04     2.15E-21
 122  NaH         1.23E-01     2.29E-18
 123  NaO         3.18E-04     5.90E-21
 124  NaF         3.19E-07     5.91E-24
 125  (NaOH)2     0.00E+00     0.00E+00
 126  MgO         3.00E-02     5.57E-19
 127  MgS         5.15E-04     9.56E-21
 128  MgF         6.64E-04     1.23E-20
 129  MgF2        5.25E-16     9.73E-33
 130  MgCl        1.10E-04     2.04E-21
 131  MgCl2       2.34E-17     4.35E-34
 132  Mg(0H)2     1.52E-20     2.82E-37
 133  AlH         1.20E+02     2.24E-15
 134  AlO         1.30E-02     2.40E-19
 135  AlO2        3.66E-13     6.79E-30
 136  AlS         2.71E-05     5.03E-22
 137  AlF2        1.84E-17     3.41E-34
 138  AlCl2       4.66E-19     8.64E-36
 139  Si-         6.79E-04     1.26E-20
 140  SiH2        7.09E-02     1.32E-18
 141  SiH3        1.18E-07     2.18E-24
 142  SiH4        7.27E-14     1.35E-30
 143  Si2C2       1.58E-19     2.93E-36
 144  SiF         6.19E-03     1.15E-19
 145  SiF2        3.73E-14     6.92E-31
 146  SiCl        8.24E-04     1.53E-20
 147  SiCl2       6.05E-17     1.12E-33
 148  PH          3.19E+02     5.92E-15
 149  PH2         2.05E-02     3.80E-19
 150  PH3         2.29E-06     4.25E-23
 151  CP          4.80E-01     8.91E-18
 152  NP          3.02E+00     5.61E-17
 153  PO          4.86E+00     9.02E-17
 154  PO2         2.08E-08     3.87E-25
 155  PS          1.49E-03     2.77E-20
 156  PF          1.16E-05     2.16E-22
 157  PF2         8.10E-19     1.50E-35
 158  PCl         2.73E-06     5.07E-23
 159  COS         5.92E-05     1.10E-21
 160  SO2         1.36E-07     2.52E-24
 161  S2O         1.62E-11     3.01E-28
 162  SO3         5.78E-18     1.07E-34
 163  Cl-         1.04E-02     1.93E-19
 164  Cl2         6.40E-07     1.19E-23
 165  CCl         2.81E-02     5.22E-19
 166  CCl2        2.01E-17     3.73E-34
 167  CCl3        0.00E+00     0.00E+00
 168  CCl4        0.00E+00     0.00E+00
 169  ClO         2.29E-03     4.24E-20
 170  ClO2        9.87E-15     1.83E-31
 171  Cl2O        2.53E-19     4.69E-36
 172  SCl         9.28E-05     1.72E-21
 173  SCl2        6.36E-20     1.18E-36
 174  HClO        8.61E-08     1.60E-24
 175  CClO        8.55E-09     1.59E-25
 176  KH          5.78E-03     1.07E-19
 177  KO          1.98E-07     3.66E-24
 178  KF          2.94E-09     5.45E-26
 179  CaO         1.45E-03     2.69E-20
 180  CaS         7.07E-06     1.31E-22
 181  Ca(OH)2     5.76E-22     1.07E-38
 182  Sc2         3.51E-16     6.51E-33
 183  ScN         3.14E-05     5.83E-22
 184  ScO         2.55E-04     4.74E-21
 185  ScO2        1.97E-10     3.65E-27
 186  Sc2O        1.25E-21     2.32E-38
 187  ScS         4.02E-08     7.46E-25
 188  ScF         3.38E-09     6.26E-26
 189  TiC2        2.24E-11     4.16E-28
 190  TiF         1.29E-06     2.39E-23
 191  TiF2        5.98E-19     1.11E-35
 192  TiCl        2.92E-07     5.41E-24
 193  TiCl2       1.63E-20     3.02E-37
 194  VC2         1.35E-12     2.50E-29
 195  VN          1.33E-04     2.47E-21
 196  VF2         4.93E-20     9.14E-37
 197  VCl2        1.33E-21     2.47E-38
 198  CrH         6.49E-01     1.20E-17
 199  CrN         9.67E-03     1.79E-19
 200  CrO         2.49E-03     4.61E-20
 201  CrO2        7.63E-11     1.42E-27
 202  CrF         7.30E-06     1.35E-22
 203  CrF2        5.46E-20     1.01E-36
 204  CrCl        5.15E-06     9.56E-23
 205  CrCl2       1.21E-20     2.24E-37
 206  MnH         1.23E+01     2.28E-16
 207  MnO         5.03E-04     9.34E-21
 208  MnO2        3.64E-12     6.76E-29
 209  MnS         3.13E-05     5.81E-22
 210  MnS2        8.20E-19     1.52E-35
 211  MnF         2.54E-07     4.70E-24
 212  MnF2        1.68E-20     3.12E-37
 213  MnCl        9.25E-08     1.72E-24
 214  FeH         3.12E+01     5.79E-16
 215  MnCl2       1.20E-20     2.22E-37
 216  FeO         9.05E-02     1.68E-18
 217  FeS         4.49E-03     8.33E-20
 218  FeF         3.02E-04     5.61E-21
 219  FeF2        1.27E-18     2.35E-35
 220  FeCl        4.69E-06     8.71E-23
 221  FeCl2       7.16E-19     1.33E-35
 222  Fe(OH)2     1.01E-21     1.88E-38
 223  NiH         6.86E+01     1.27E-15
 224  NiO         4.24E-03     7.86E-20
 225  NiF         1.24E-06     2.30E-23
 226  NiCl        9.75E-06     1.81E-22
 227  CuH         1.13E+01     2.10E-16
 228  CuO         6.90E-05     1.28E-21
 229  CuS         7.48E-07     1.39E-23
 230  CuF         1.52E-07     2.83E-24
 231  CuCl        2.19E-07     4.07E-24
 232  RbH         1.10E-05     2.04E-22
 233  RbF         5.15E-12     9.56E-29
 234  RbCl        4.79E-12     8.89E-29
 235  SrH         3.27E-04     6.07E-21
 236  SrO         5.32E-07     9.87E-24
 237  Sr2O        1.08E-23     2.01E-40
 238  SrS         7.97E-10     1.48E-26
 239  SrF         5.02E-10     9.31E-27
 240  SrF2        2.31E-21     4.29E-38
 241  SrCl        1.06E-10     1.97E-27
 242  SrCl2       4.54E-22     8.42E-39
 243  SrOH        1.21E-09     2.24E-26
 244  Sr(OH)2     9.10E-26     1.69E-42
 245  YC2         1.28E-13     2.38E-30
 246  YO          4.40E-05     8.17E-22
 247  YO2         4.46E-11     8.27E-28
 248  Y2O         1.00E-23     1.86E-40
 249  YS          7.32E-09     1.36E-25
 250  YF          1.56E-09     2.90E-26
 251  YF2         4.94E-22     9.17E-39
 252  YCl         1.43E-10     2.65E-27
 253  ZrH         9.85E-02     1.83E-18
 254  ZrC2        4.92E-13     9.13E-30
 255  ZrN         7.93E-07     1.47E-23
 256  ZrO2        4.57E-11     8.48E-28
 257  ZrS         1.49E-06     2.77E-23
 258  ZrF         2.09E-08     3.88E-25
 259  ZrF2        6.42E-20     1.19E-36
 260  ZrCl        3.15E-09     5.84E-26
 261  ZrCl2       1.76E-21     3.26E-38
 262  HI          1.58E-01     2.92E-18
 263  BaH         1.86E-05     3.46E-22
 264  BaO         3.30E-07     6.13E-24
 265  Ba2O        0.00E+00     0.00E+00
 266  BaS         1.46E-10     2.71E-27
 267  BaF         3.67E-11     6.82E-28
 268  BaF2        3.56E-22     6.61E-39
 269  BaCl        5.34E-12     9.92E-29
 270  BaCl2       6.79E-23     1.26E-39
 271  BaOH        1.99E-10     3.70E-27
 272  Ba(OH)2     1.37E-26     2.54E-43
 273  LaC2        4.24E-16     7.87E-33
 274  LaN         4.89E-08     9.07E-25
 275  LaO2        8.33E-13     1.55E-29
 276  La2O        0.00E+00     0.00E+00
 277  La2O2       0.00E+00     0.00E+00
 278  LaS         2.03E-10     3.76E-27
 279  LaF         8.17E-12     1.52E-28
 280  LaF2        4.02E-24     7.46E-41
 281  CeC2        3.68E-16     6.82E-33
 282  CeO         1.17E-05     2.17E-22
 283  CeO2        4.08E-13     7.57E-30
 284  CeS         9.97E-10     1.85E-26
 285  CeF         6.18E-12     1.15E-28
 286  NdC2        4.64E-17     8.60E-34
 287  NdO         9.26E-07     1.72E-23
 288  NdO2        7.80E-14     1.45E-30
 289  NdF         2.07E-12     3.84E-29
 290  NdF2        5.11E-26     9.48E-43
 291  GeS         1.91E-05     3.54E-22
 292  GeO         2.63E-02     4.88E-19
 293  GeH         7.87E-01     1.46E-17
 294  GeF         7.16E-08     1.33E-24
 295  GeCl        1.45E-08     2.69E-25
 296  NbO         1.43E-05     2.66E-22
 297  N3H         6.28E-14     1.17E-30
 298  Li2         3.21E-21     5.95E-38
 299  B2          3.48E-12     6.45E-29
 300  Na2         1.75E-12     3.25E-29
 301  Mg2         7.29E-06     1.35E-22
 302  Al2         8.27E-10     1.53E-26
 303  Si2         1.83E-03     3.39E-20
 304  P2          2.22E-04     4.12E-21
 305  K2          4.53E-17     8.40E-34
 306  Cu2         4.40E-11     8.16E-28
 307  As2         3.03E-12     5.63E-29
 308  Se2         3.67E-11     6.80E-28
 309  Sb2         1.24E-16     2.31E-33
 310  Te2         1.29E-14     2.39E-31
 311  I2          1.71E-16     3.17E-33
 312  Cs2         0.00E+00     0.00E+00
 313  H2-         5.87E-01     1.09E-17
 314  BeH         3.65E-02     6.77E-19
 315  TiH         7.17E-02     1.33E-18
 316  CoH         2.14E+00     3.98E-17
 317  ZnH         4.14E+00     7.69E-17
 318  GaH         2.58E-02     4.78E-19
 319  AsH         4.99E-01     9.26E-18
 320  SeH         9.51E+00     1.76E-16
 321  HBr         9.53E+00     1.77E-16
 322  AgH         1.48E-03     2.75E-20
 323  CdH         3.02E-03     5.60E-20
 324  InH         4.75E-04     8.81E-21
 325  SnH         1.33E-02     2.48E-19
 326  SbH         5.80E-03     1.08E-19
 327  TeH         2.15E-01     4.00E-18
 328  CsH         2.91E-07     5.41E-24
 329  YbH         2.31E-05     4.29E-22
 330  PtH         1.16E-01     2.15E-18
 331  AuH         1.48E-01     2.74E-18
 332  HgH         6.46E-04     1.20E-20
 333  TlH         5.69E-05     1.06E-21
 334  PbH         1.68E-03     3.11E-20
 335  BiH         2.61E-03     4.85E-20
 336  SiH-        2.14E-03     3.96E-20
 337  HS-         2.96E-02     5.50E-19
 338  CF          1.69E-01     3.14E-18
 339  CSe         1.21E-02     2.25E-19
 340  CBr         5.30E-06     9.84E-23
 341  RhC         1.45E-06     2.69E-23
 342  IrC         7.68E-05     1.43E-21
 343  PtC         1.37E-04     2.55E-21
 344  CS-         3.86E-06     7.17E-23
 345  BN          1.55E-05     2.88E-22
 346  NF          4.00E-04     7.42E-21
 347  AlN         1.06E-03     1.96E-20
 348  NCl         3.46E-03     6.43E-20
 349  TiN         3.98E-05     7.39E-22
 350  AsN         8.02E-05     1.49E-21
 351  SeN         4.17E-05     7.74E-22
 352  GaO         7.05E-07     1.31E-23
 353  AsO         2.18E-04     4.05E-21
 354  SeO         4.44E-04     8.24E-21
 355  BrO         1.31E-06     2.43E-23
 356  RbO         3.52E-10     6.54E-27
 357  InO         1.17E-08     2.17E-25
 358  SnO         1.90E-05     3.52E-22
 359  SbO         1.61E-06     3.00E-23
 360  TeO         7.18E-06     1.33E-22
 361  IO          1.03E-07     1.92E-24
 362  TbO         2.44E-08     4.52E-25
 363  LuO         5.86E-07     1.09E-23
 364  HfO         9.68E-05     1.80E-21
 365  TaO         8.68E-05     1.61E-21
 366  WO          1.30E-04     2.41E-21
 367  PtO         1.19E-06     2.21E-23
 368  PbO         8.12E-07     1.51E-23
 369  BiO         2.37E-08     4.39E-25
 370  ThO         1.63E-05     3.03E-22
 371  FeO-        1.55E-09     2.88E-26
 372  SF          4.13E-05     7.67E-22
 373  ZnF         6.10E-07     1.13E-23
 374  GaF         7.14E-09     1.33E-25
 375  AsF         2.76E-09     5.12E-26
 376  SeF         3.41E-09     6.32E-26
 377  BrF         2.92E-10     5.42E-27
 378  AgF         7.71E-12     1.43E-28
 379  CdF         1.34E-10     2.49E-27
 380  InF         4.66E-11     8.65E-28
 381  SnF         3.89E-10     7.21E-27
 382  SbF         1.22E-10     2.26E-27
 383  IF          1.93E-11     3.59E-28
 384  CsF         1.36E-13     2.53E-30
 385  HoF         2.76E-13     5.12E-30
 386  YbF         1.21E-11     2.25E-28
 387  LuF         8.16E-14     1.51E-30
 388  HgF         2.62E-12     4.86E-29
 389  TlF         6.04E-13     1.12E-29
 390  PbF         3.23E-11     5.99E-28
 391  LiNa        8.19E-17     1.52E-33
 392  AsP         2.49E-08     4.63E-25
 393  SbP         9.06E-11     1.68E-27
 394  BeS         1.44E-07     2.67E-24
 395  CrS         1.65E-06     3.06E-23
 396  AsS         2.77E-07     5.13E-24
 397  SeS         1.83E-06     3.39E-23
 398  SnS         6.30E-08     1.17E-24
 399  TeS         1.94E-08     3.59E-25
 400  PbS         1.75E-08     3.25E-25
 401  BiS         1.76E-10     3.26E-27
 402  ScCl        2.84E-11     5.26E-28
 403  ZnCl        1.20E-07     2.22E-24
 404  GaCl        1.93E-09     3.58E-26
 405  AsCl        2.96E-08     5.50E-25
 406  SeCl        1.05E-08     1.95E-25
 407  BrCl        3.24E-10     6.01E-27
 408  AgCl        1.65E-11     3.06E-28
 409  CdCl        6.06E-11     1.13E-27
 410  InCl        2.55E-11     4.74E-28
 411  SnCl        8.55E-11     1.59E-27
 412  SbCl        8.00E-11     1.48E-27
 413  ICl         1.89E-11     3.50E-28
 414  CsCl        1.05E-13     1.96E-30
 415  YbCl        1.66E-12     3.08E-29
 416  AuCl        3.18E-11     5.90E-28
 417  HgCl        1.43E-12     2.65E-29
 418  TlCl        2.03E-12     3.77E-29
 419  PbCl        3.36E-11     6.24E-28
 420  AlSe        1.61E-09     2.98E-26
 421  SiSe        5.40E-05     1.00E-21
 422  GeSe        3.77E-10     7.00E-27
 423  KBr         1.07E-12     1.99E-29
 424  SiTe        8.27E-08     1.53E-24
 425  GeTe        2.28E-12     4.23E-29
 426  KI          1.72E-14     3.19E-31
 427  H2+         1.56E+05     2.90E-12
 428  He2+        5.50E-09     1.02E-25
 429  C2+         3.08E+01     5.71E-16
 430  N2+         6.58E-02     1.22E-18
 431  O2+         3.94E-01     7.32E-18
 432  Ne2+        4.39E-14     8.15E-31
 433  P2+         3.84E-07     7.13E-24
 434  S2+         1.49E-02     2.77E-19
 435  HeH+        2.14E+03     3.97E-14
 436  BeH+        1.73E-06     3.21E-23
 437  CH+         6.45E+04     1.20E-12
 438  NH+         3.63E+01     6.73E-16
 439  OH+         3.19E+03     5.91E-14
 440  HF+         1.81E-06     3.35E-23
 441  NeH+        3.89E+00     7.21E-17
 442  MgH+        1.17E-02     2.16E-19
 443  AlH+        2.41E-04     4.46E-21
 444  SiH+        4.83E+05     8.97E-12
 445  PH+         9.42E-03     1.75E-19
 446  SH+         5.82E+03     1.08E-13
 447  HCl+        2.14E+00     3.98E-17
 448  ZnH+        2.94E-04     5.45E-21
 449  HBr+        8.49E-03     1.57E-19
 450  CdH+        1.31E-07     2.43E-24
 451  HgH+        1.05E-07     1.94E-24
 452  CN+         2.89E+00     5.36E-17
 453  CO+         1.50E+01     2.78E-16
 454  NO+         3.40E+03     6.31E-14
 455  NS+         3.80E-01     7.05E-18
 456  BO+         9.70E-11     1.80E-27
 457  SiO+        1.40E-04     2.60E-21
 458  PO+         3.66E-03     6.80E-20
 459  SO+         1.47E+00     2.72E-17
 460  AsO+        2.31E-09     4.28E-26
 461  TaO+        1.08E-10     2.01E-27
 462  YC4         0.00E+00     0.00E+00
 463  C2H6        7.58E-30     1.41E-46
 464  C2H3        2.11E-12     3.91E-29
 465  CH3CN       7.49E-22     1.39E-38
 466  HC3N        2.32E-18     4.30E-35
 467  C4H3        1.55E-29     2.87E-46
 468  C4H4        4.84E-36     8.97E-53
 469  C4H         1.01E-14     1.87E-31
 470  C4H2        5.51E-24     1.02E-40
 471  C3H3        4.95E-20     9.18E-37
 472  C3H2        4.66E-11     8.65E-28
 473  C4N         6.63E-20     1.23E-36
 474  C3H4        6.06E-27     1.12E-43
 475  C3N         5.79E-09     1.07E-25
 476  C4          1.53E-19     2.85E-36
 477  C4H6        0.00E+00     0.00E+00
 478  C4H4S       0.00E+00     0.00E+00
 479  C4H4O       0.00E+00     0.00E+00

 lines are rejected based on opacities at depths:

 ID =   1  T =     3790.7,   DENS =  1.891E-10

 ID =  31  T =     4550.5,   DENS =  1.523E-08

 ID =  61  T =     8274.8,   DENS =  2.921E-07

 ----------------------------------------------------

 LINES - TOTAL        :      4458
 LINES - NLTE         :         0


 --------------------------------------------
 MOLECULAR LINES - FROM UNIT  20, FILE  fort.20:   0.028 M
 --------------------------------------------

